1490766343731	geckodriver	INFO	Listening on 127.0.0.1:64908
1490766344833	mozprofile::profile	INFO	Using profile path /var/folders/2k/6zzx0c_x1h331rxlpzb7l0mh0000gn/T/rust_mozprofile.PHPnKoRtzEAw
1490766344834	geckodriver::marionette	INFO	Starting browser /Applications/Firefox.app/Contents/MacOS/firefox-bin
1490766344871	geckodriver::marionette	INFO	Connecting to Marionette on localhost:64918
1490766346337	Marionette	INFO	Listening on port 64918
2017-03-28 22:45:49.625 plugin-container[83883:3474193] *** CFMessagePort: bootstrap_register(): failed 1100 (0x44c) 'Permission denied', port = 0x9537, name = 'com.apple.tsm.portname'
See /usr/include/servers/bootstrap_defs.h for the error codes.
2017-03-28 22:45:49.632 plugin-container[83883:3474193] *** CFMessagePort: bootstrap_register(): failed 1100 (0x44c) 'Permission denied', port = 0x9807, name = 'com.apple.CFPasteboardClient'
See /usr/include/servers/bootstrap_defs.h for the error codes.
1490766457047	geckodriver	INFO	Listening on 127.0.0.1:64996
1490766458103	mozprofile::profile	INFO	Using profile path /var/folders/2k/6zzx0c_x1h331rxlpzb7l0mh0000gn/T/rust_mozprofile.8pEkIKcxMqen
1490766458104	geckodriver::marionette	INFO	Starting browser /Applications/Firefox.app/Contents/MacOS/firefox-bin
1490766458108	geckodriver::marionette	INFO	Connecting to Marionette on localhost:65005
1490766459173	Marionette	INFO	Listening on port 65005
2017-03-28 22:47:41.735 plugin-container[83991:3475723] *** CFMessagePort: bootstrap_register(): failed 1100 (0x44c) 'Permission denied', port = 0x932f, name = 'com.apple.tsm.portname'
See /usr/include/servers/bootstrap_defs.h for the error codes.
2017-03-28 22:47:41.754 plugin-container[83991:3475723] *** CFMessagePort: bootstrap_register(): failed 1100 (0x44c) 'Permission denied', port = 0x9607, name = 'com.apple.CFPasteboardClient'
See /usr/include/servers/bootstrap_defs.h for the error codes.
1490766608488	geckodriver	INFO	Listening on 127.0.0.1:65089
1490766609548	mozprofile::profile	INFO	Using profile path /var/folders/2k/6zzx0c_x1h331rxlpzb7l0mh0000gn/T/rust_mozprofile.2QDyEDHSQvBS
1490766609551	geckodriver::marionette	INFO	Starting browser /Applications/Firefox.app/Contents/MacOS/firefox-bin
1490766609555	geckodriver::marionette	INFO	Connecting to Marionette on localhost:65098
1490766610724	Marionette	INFO	Listening on port 65098
2017-03-28 22:50:13.673 plugin-container[84161:3477521] *** CFMessagePort: bootstrap_register(): failed 1100 (0x44c) 'Permission denied', port = 0x953b, name = 'com.apple.tsm.portname'
See /usr/include/servers/bootstrap_defs.h for the error codes.
2017-03-28 22:50:13.680 plugin-container[84161:3477521] *** CFMessagePort: bootstrap_register(): failed 1100 (0x44c) 'Permission denied', port = 0x9803, name = 'com.apple.CFPasteboardClient'
See /usr/include/servers/bootstrap_defs.h for the error codes.
